24 Aug 2014 17:28:01	Query	/v*
24 Aug 2014 17:28:01	Formats	dm
24 Aug 2014 17:28:01	SPARQL	PREFIX rdfs:<http://www.w3.org/2000/01/rdf-schema#>	PREFIX xsd:<http://www.w3.org/2001/XMLSchema#>	PREFIX owl:<http://www.w3.org/2002/07/owl#>	PREFIX rdf:<http://www.w3.org/1999/02/22-rdf-syntax-ns#>	PREFIX dm:<http://www.delph-in.net/rdf/sdp/dm#>	select ?graph (group_concat(?100; separator = "\t") AS ?100Values)	where { 	  GRAPH ?graph { 	{ { ?100 dm:pos "vb"^^xsd:string } UNION { ?100 dm:pos "vbg"^^xsd:string } UNION { ?100 dm:pos "vbd"^^xsd:string } UNION { ?100 dm:pos "vbz"^^xsd:string } UNION { ?100 dm:pos "vbn"^^xsd:string } UNION { ?100 dm:pos "vbp"^^xsd:string } }  .	}	 }	GROUP BY ?graph	ORDER BY ?graph	
24 Aug 2014 17:30:51	Query	[ARG2 x, ARG* e]  e:/v*[ARG1 x]
24 Aug 2014 17:30:51	Formats	dm
24 Aug 2014 17:30:51	SPARQL	PREFIX rdfs:<http://www.w3.org/2000/01/rdf-schema#>	PREFIX xsd:<http://www.w3.org/2001/XMLSchema#>	PREFIX owl:<http://www.w3.org/2002/07/owl#>	PREFIX rdf:<http://www.w3.org/1999/02/22-rdf-syntax-ns#>	PREFIX dm:<http://www.delph-in.net/rdf/sdp/dm#>	select ?graph (group_concat(?e; separator = "\t") AS ?eValues)(group_concat(?100; separator = "\t") AS ?100Values)(group_concat(?x; separator = "\t") AS ?xValues)	where { 	  GRAPH ?graph { 	{ { ?e dm:pos "vb"^^xsd:string } UNION { ?e dm:pos "vbg"^^xsd:string } UNION { ?e dm:pos "vbd"^^xsd:string } UNION { ?e dm:pos "vbz"^^xsd:string } UNION { ?e dm:pos "vbn"^^xsd:string } UNION { ?e dm:pos "vbp"^^xsd:string } }  .	?100 dm:arg2 ?x .	?e dm:arg1 ?x .	{ ?100 dm:arg3 ?e } UNION { { ?100 dm:arg2 ?e } UNION { ?100 dm:arg1 ?e } }	FILTER ( ( !bound(?e) || !bound(?100) || ?e!=?100 ) && ( !bound(?e) || !bound(?x) || ?e!=?x ) && ( !bound(?100) || !bound(?x) || ?100!=?x ) )	}	 }	GROUP BY ?graph	ORDER BY ?graph	
24 Aug 2014 17:31:02	Query	/v*
24 Aug 2014 17:31:02	Formats	dm
24 Aug 2014 17:31:02	SPARQL	PREFIX rdfs:<http://www.w3.org/2000/01/rdf-schema#>	PREFIX xsd:<http://www.w3.org/2001/XMLSchema#>	PREFIX owl:<http://www.w3.org/2002/07/owl#>	PREFIX rdf:<http://www.w3.org/1999/02/22-rdf-syntax-ns#>	PREFIX dm:<http://www.delph-in.net/rdf/sdp/dm#>	select ?graph (group_concat(?100; separator = "\t") AS ?100Values)	where { 	  GRAPH ?graph { 	{ { ?100 dm:pos "vb"^^xsd:string } UNION { ?100 dm:pos "vbg"^^xsd:string } UNION { ?100 dm:pos "vbd"^^xsd:string } UNION { ?100 dm:pos "vbz"^^xsd:string } UNION { ?100 dm:pos "vbn"^^xsd:string } UNION { ?100 dm:pos "vbp"^^xsd:string } }  .	}	 }	GROUP BY ?graph	ORDER BY ?graph	
24 Aug 2014 17:34:40	Query	e:/v*[ARG1 x]
24 Aug 2014 17:34:40	Formats	dm
24 Aug 2014 17:34:40	SPARQL	PREFIX rdfs:<http://www.w3.org/2000/01/rdf-schema#>	PREFIX xsd:<http://www.w3.org/2001/XMLSchema#>	PREFIX owl:<http://www.w3.org/2002/07/owl#>	PREFIX rdf:<http://www.w3.org/1999/02/22-rdf-syntax-ns#>	PREFIX dm:<http://www.delph-in.net/rdf/sdp/dm#>	select ?graph (group_concat(?e; separator = "\t") AS ?eValues)(group_concat(?x; separator = "\t") AS ?xValues)	where { 	  GRAPH ?graph { 	{ { ?e dm:pos "vb"^^xsd:string } UNION { ?e dm:pos "vbg"^^xsd:string } UNION { ?e dm:pos "vbd"^^xsd:string } UNION { ?e dm:pos "vbz"^^xsd:string } UNION { ?e dm:pos "vbn"^^xsd:string } UNION { ?e dm:pos "vbp"^^xsd:string } }  .	?e dm:arg1 ?x .	FILTER ( ( !bound(?e) || !bound(?x) || ?e!=?x ) )	}	 }	GROUP BY ?graph	ORDER BY ?graph	
24 Aug 2014 17:45:15	Query	/v*
24 Aug 2014 17:45:15	Formats	dm
24 Aug 2014 17:45:15	SPARQL	PREFIX rdfs:<http://www.w3.org/2000/01/rdf-schema#>	PREFIX xsd:<http://www.w3.org/2001/XMLSchema#>	PREFIX owl:<http://www.w3.org/2002/07/owl#>	PREFIX rdf:<http://www.w3.org/1999/02/22-rdf-syntax-ns#>	PREFIX dm:<http://www.delph-in.net/rdf/sdp/dm#>	select ?graph (group_concat(?100; separator = "\t") AS ?100Values)	where { 	  GRAPH ?graph { 	{ { ?100 dm:pos "vb"^^xsd:string } UNION { ?100 dm:pos "vbg"^^xsd:string } UNION { ?100 dm:pos "vbd"^^xsd:string } UNION { ?100 dm:pos "vbz"^^xsd:string } UNION { ?100 dm:pos "vbn"^^xsd:string } UNION { ?100 dm:pos "vbp"^^xsd:string } }  .	}	 }	GROUP BY ?graph	ORDER BY ?graph	
24 Aug 2014 17:46:06	Query	[ARG2 x, ARG* e]  e:/v*[ARG1 x]
24 Aug 2014 17:46:06	Formats	dm
24 Aug 2014 17:46:06	SPARQL	PREFIX rdfs:<http://www.w3.org/2000/01/rdf-schema#>	PREFIX xsd:<http://www.w3.org/2001/XMLSchema#>	PREFIX owl:<http://www.w3.org/2002/07/owl#>	PREFIX rdf:<http://www.w3.org/1999/02/22-rdf-syntax-ns#>	PREFIX dm:<http://www.delph-in.net/rdf/sdp/dm#>	select ?graph (group_concat(?e; separator = "\t") AS ?eValues)(group_concat(?100; separator = "\t") AS ?100Values)(group_concat(?x; separator = "\t") AS ?xValues)	where { 	  GRAPH ?graph { 	{ { ?e dm:pos "vb"^^xsd:string } UNION { ?e dm:pos "vbg"^^xsd:string } UNION { ?e dm:pos "vbd"^^xsd:string } UNION { ?e dm:pos "vbz"^^xsd:string } UNION { ?e dm:pos "vbn"^^xsd:string } UNION { ?e dm:pos "vbp"^^xsd:string } }  .	?100 dm:arg2 ?x .	?e dm:arg1 ?x .	{ ?100 dm:arg3 ?e } UNION { { ?100 dm:arg2 ?e } UNION { ?100 dm:arg1 ?e } }	FILTER ( ( !bound(?e) || !bound(?100) || ?e!=?100 ) && ( !bound(?e) || !bound(?x) || ?e!=?x ) && ( !bound(?100) || !bound(?x) || ?100!=?x ) )	}	 }	GROUP BY ?graph	ORDER BY ?graph	
24 Aug 2014 17:46:13	Query	/v*
24 Aug 2014 17:46:13	Formats	dm
24 Aug 2014 17:46:13	SPARQL	PREFIX rdfs:<http://www.w3.org/2000/01/rdf-schema#>	PREFIX xsd:<http://www.w3.org/2001/XMLSchema#>	PREFIX owl:<http://www.w3.org/2002/07/owl#>	PREFIX rdf:<http://www.w3.org/1999/02/22-rdf-syntax-ns#>	PREFIX dm:<http://www.delph-in.net/rdf/sdp/dm#>	select ?graph (group_concat(?100; separator = "\t") AS ?100Values)	where { 	  GRAPH ?graph { 	{ { ?100 dm:pos "vb"^^xsd:string } UNION { ?100 dm:pos "vbg"^^xsd:string } UNION { ?100 dm:pos "vbd"^^xsd:string } UNION { ?100 dm:pos "vbz"^^xsd:string } UNION { ?100 dm:pos "vbn"^^xsd:string } UNION { ?100 dm:pos "vbp"^^xsd:string } }  .	}	 }	GROUP BY ?graph	ORDER BY ?graph	
24 Aug 2014 17:53:37	Query	[ARG2 x, ARG* e]  e:/v*[ARG1 x]
24 Aug 2014 17:53:37	Formats	dm
24 Aug 2014 17:53:37	SPARQL	PREFIX rdfs:<http://www.w3.org/2000/01/rdf-schema#>	PREFIX xsd:<http://www.w3.org/2001/XMLSchema#>	PREFIX owl:<http://www.w3.org/2002/07/owl#>	PREFIX rdf:<http://www.w3.org/1999/02/22-rdf-syntax-ns#>	PREFIX dm:<http://www.delph-in.net/rdf/sdp/dm#>	select ?graph (group_concat(?e; separator = "\t") AS ?eValues)(group_concat(?100; separator = "\t") AS ?100Values)(group_concat(?x; separator = "\t") AS ?xValues)	where { 	  GRAPH ?graph { 	{ { ?e dm:pos "vb"^^xsd:string } UNION { ?e dm:pos "vbg"^^xsd:string } UNION { ?e dm:pos "vbd"^^xsd:string } UNION { ?e dm:pos "vbz"^^xsd:string } UNION { ?e dm:pos "vbn"^^xsd:string } UNION { ?e dm:pos "vbp"^^xsd:string } }  .	?100 dm:arg2 ?x .	?e dm:arg1 ?x .	{ ?100 dm:arg3 ?e } UNION { { ?100 dm:arg2 ?e } UNION { ?100 dm:arg1 ?e } }	FILTER ( ( !bound(?e) || !bound(?100) || ?e!=?100 ) && ( !bound(?e) || !bound(?x) || ?e!=?x ) && ( !bound(?100) || !bound(?x) || ?100!=?x ) )	}	 }	GROUP BY ?graph	ORDER BY ?graph	
24 Aug 2014 17:53:46	Query	/v*
24 Aug 2014 17:53:46	Formats	dm
24 Aug 2014 17:53:46	SPARQL	PREFIX rdfs:<http://www.w3.org/2000/01/rdf-schema#>	PREFIX xsd:<http://www.w3.org/2001/XMLSchema#>	PREFIX owl:<http://www.w3.org/2002/07/owl#>	PREFIX rdf:<http://www.w3.org/1999/02/22-rdf-syntax-ns#>	PREFIX dm:<http://www.delph-in.net/rdf/sdp/dm#>	select ?graph (group_concat(?100; separator = "\t") AS ?100Values)	where { 	  GRAPH ?graph { 	{ { ?100 dm:pos "vb"^^xsd:string } UNION { ?100 dm:pos "vbg"^^xsd:string } UNION { ?100 dm:pos "vbd"^^xsd:string } UNION { ?100 dm:pos "vbz"^^xsd:string } UNION { ?100 dm:pos "vbn"^^xsd:string } UNION { ?100 dm:pos "vbp"^^xsd:string } }  .	}	 }	GROUP BY ?graph	ORDER BY ?graph	
24 Aug 2014 17:54:30	Query	/v*
24 Aug 2014 17:54:30	Formats	dm
24 Aug 2014 17:54:30	SPARQL	PREFIX rdfs:<http://www.w3.org/2000/01/rdf-schema#>	PREFIX xsd:<http://www.w3.org/2001/XMLSchema#>	PREFIX owl:<http://www.w3.org/2002/07/owl#>	PREFIX rdf:<http://www.w3.org/1999/02/22-rdf-syntax-ns#>	PREFIX dm:<http://www.delph-in.net/rdf/sdp/dm#>	select ?graph (group_concat(?100; separator = "\t") AS ?100Values)	where { 	  GRAPH ?graph { 	{ { ?100 dm:pos "vb"^^xsd:string } UNION { ?100 dm:pos "vbg"^^xsd:string } UNION { ?100 dm:pos "vbd"^^xsd:string } UNION { ?100 dm:pos "vbz"^^xsd:string } UNION { ?100 dm:pos "vbn"^^xsd:string } UNION { ?100 dm:pos "vbp"^^xsd:string } }  .	}	 }	GROUP BY ?graph	ORDER BY ?graph	
24 Aug 2014 18:00:15	Query	^
24 Aug 2014 18:00:15	Formats	dm
24 Aug 2014 18:00:15	SPARQL	PREFIX rdfs:<http://www.w3.org/2000/01/rdf-schema#>	PREFIX xsd:<http://www.w3.org/2001/XMLSchema#>	PREFIX owl:<http://www.w3.org/2002/07/owl#>	PREFIX rdf:<http://www.w3.org/1999/02/22-rdf-syntax-ns#>	PREFIX dm:<http://www.delph-in.net/rdf/sdp/dm#>	select ?graph (group_concat(?100; separator = "\t") AS ?100Values)	where { 	  GRAPH ?graph { 	?100 dm:top "true"^^xsd:boolean .	}	 }	GROUP BY ?graph	ORDER BY ?graph	
24 Aug 2014 18:00:56	Query	/v*
24 Aug 2014 18:00:56	Formats	dm
24 Aug 2014 18:00:56	SPARQL	PREFIX rdfs:<http://www.w3.org/2000/01/rdf-schema#>	PREFIX xsd:<http://www.w3.org/2001/XMLSchema#>	PREFIX owl:<http://www.w3.org/2002/07/owl#>	PREFIX rdf:<http://www.w3.org/1999/02/22-rdf-syntax-ns#>	PREFIX dm:<http://www.delph-in.net/rdf/sdp/dm#>	select ?graph (group_concat(?100; separator = "\t") AS ?100Values)	where { 	  GRAPH ?graph { 	{ { ?100 dm:pos "vb"^^xsd:string } UNION { ?100 dm:pos "vbg"^^xsd:string } UNION { ?100 dm:pos "vbd"^^xsd:string } UNION { ?100 dm:pos "vbz"^^xsd:string } UNION { ?100 dm:pos "vbn"^^xsd:string } UNION { ?100 dm:pos "vbp"^^xsd:string } }  .	}	 }	GROUP BY ?graph	ORDER BY ?graph	
24 Aug 2014 18:18:00	Query	/v*
24 Aug 2014 18:18:00	Formats	dm
24 Aug 2014 18:18:01	SPARQL	PREFIX rdfs:<http://www.w3.org/2000/01/rdf-schema#>	PREFIX xsd:<http://www.w3.org/2001/XMLSchema#>	PREFIX owl:<http://www.w3.org/2002/07/owl#>	PREFIX rdf:<http://www.w3.org/1999/02/22-rdf-syntax-ns#>	PREFIX dm:<http://www.delph-in.net/rdf/sdp/dm#>	select ?graph (group_concat(?100; separator = "\t") AS ?100Values)	where { 	  GRAPH ?graph { 	{ { ?100 dm:pos "vb"^^xsd:string } UNION { ?100 dm:pos "vbg"^^xsd:string } UNION { ?100 dm:pos "vbd"^^xsd:string } UNION { ?100 dm:pos "vbz"^^xsd:string } UNION { ?100 dm:pos "vbn"^^xsd:string } UNION { ?100 dm:pos "vbp"^^xsd:string } }  .	}	 }	GROUP BY ?graph	ORDER BY ?graph	
24 Aug 2014 18:27:56	Query	/v*
24 Aug 2014 18:27:56	Formats	dm
24 Aug 2014 18:27:57	SPARQL	PREFIX rdfs:<http://www.w3.org/2000/01/rdf-schema#>	PREFIX xsd:<http://www.w3.org/2001/XMLSchema#>	PREFIX owl:<http://www.w3.org/2002/07/owl#>	PREFIX rdf:<http://www.w3.org/1999/02/22-rdf-syntax-ns#>	PREFIX dm:<http://www.delph-in.net/rdf/sdp/dm#>	select ?graph (group_concat(?100; separator = "\t") AS ?100Values)	where { 	  GRAPH ?graph { 	{ { ?100 dm:pos "vb"^^xsd:string } UNION { ?100 dm:pos "vbg"^^xsd:string } UNION { ?100 dm:pos "vbd"^^xsd:string } UNION { ?100 dm:pos "vbz"^^xsd:string } UNION { ?100 dm:pos "vbn"^^xsd:string } UNION { ?100 dm:pos "vbp"^^xsd:string } }  .	}	 }	GROUP BY ?graph	ORDER BY ?graph	
24 Aug 2014 18:31:28	Query	/v*
24 Aug 2014 18:31:28	Formats	dm
24 Aug 2014 18:31:29	SPARQL	PREFIX rdfs:<http://www.w3.org/2000/01/rdf-schema#>	PREFIX xsd:<http://www.w3.org/2001/XMLSchema#>	PREFIX owl:<http://www.w3.org/2002/07/owl#>	PREFIX rdf:<http://www.w3.org/1999/02/22-rdf-syntax-ns#>	PREFIX dm:<http://www.delph-in.net/rdf/sdp/dm#>	select ?graph (group_concat(?100; separator = "\t") AS ?100Values)	where { 	  GRAPH ?graph { 	{ { ?100 dm:pos "vb"^^xsd:string } UNION { ?100 dm:pos "vbg"^^xsd:string } UNION { ?100 dm:pos "vbd"^^xsd:string } UNION { ?100 dm:pos "vbz"^^xsd:string } UNION { ?100 dm:pos "vbn"^^xsd:string } UNION { ?100 dm:pos "vbp"^^xsd:string } }  .	}	 }	GROUP BY ?graph	ORDER BY ?graph	
24 Aug 2014 18:37:15	Query	e:/v*[ARG1 x]
24 Aug 2014 18:37:15	Formats	dm
24 Aug 2014 18:37:15	SPARQL	PREFIX rdfs:<http://www.w3.org/2000/01/rdf-schema#>	PREFIX xsd:<http://www.w3.org/2001/XMLSchema#>	PREFIX owl:<http://www.w3.org/2002/07/owl#>	PREFIX rdf:<http://www.w3.org/1999/02/22-rdf-syntax-ns#>	PREFIX dm:<http://www.delph-in.net/rdf/sdp/dm#>	select ?graph (group_concat(?e; separator = "\t") AS ?eValues)(group_concat(?x; separator = "\t") AS ?xValues)	where { 	  GRAPH ?graph { 	{ { ?e dm:pos "vb"^^xsd:string } UNION { ?e dm:pos "vbg"^^xsd:string } UNION { ?e dm:pos "vbd"^^xsd:string } UNION { ?e dm:pos "vbz"^^xsd:string } UNION { ?e dm:pos "vbn"^^xsd:string } UNION { ?e dm:pos "vbp"^^xsd:string } }  .	?e dm:arg1 ?x .	FILTER ( ( !bound(?e) || !bound(?x) || ?e!=?x ) )	}	 }	GROUP BY ?graph	ORDER BY ?graph	
